<?xml version="1.0" encoding="UTF-8"?>
<!-- Generated by org.testng.reporters.JUnitReportReporter -->
<testsuite hostname="DESKTOP-8BIQ62C" failures="0" tests="2" name="CucumberIndex.CucumberRunner" time="0.572" errors="2" timestamp="2023-06-13T11:55:01 IST" skipped="0">
  <testcase classname="CucumberIndex.CucumberRunner" name="runScenario" time="0.522">
    <error type="java.lang.NullPointerException">
      <![CDATA[java.lang.NullPointerException
at Steps_definitations.LoginSteps.open_the_url(LoginSteps.java:23)
at ✽.Open the url "https://www.facebook.com/"(file:///C:/Users/SVC/Downloads/automationfolder/WebApplicationAutomation/src/test/resources/Features/Webapplication_FacebookLogin.feature:6)
]]>
    </error>
  </testcase> <!-- runScenario -->
  <system-out/>
  <testcase classname="CucumberIndex.CucumberRunner" name="runScenario" time="0.050">
    <error type="java.lang.NullPointerException">
      <![CDATA[java.lang.NullPointerException
at Steps_definitations.LoginSteps.open_the_url(LoginSteps.java:23)
at ✽.Open the url "https://www.facebook.com/"(file:///C:/Users/SVC/Downloads/automationfolder/WebApplicationAutomation/src/test/resources/Features/Webapplication_FacebookLogin.feature:16)
]]>
    </error>
  </testcase> <!-- runScenario -->
  <system-out/>
</testsuite> <!-- CucumberIndex.CucumberRunner -->
