<?xml version="1.0" encoding="UTF-8"?>
<!-- Generated by org.testng.reporters.JUnitReportReporter -->
<testsuite hostname="DESKTOP-8BIQ62C" failures="0" tests="2" name="CucumberIndex.CucumberRunner" time="22.611" errors="2" timestamp="2023-06-13T21:47:49 IST" skipped="0">
  <testcase classname="CucumberIndex.CucumberRunner" name="runScenario" time="8.610">
    <error type="java.lang.NullPointerException">
      <![CDATA[java.lang.NullPointerException
at Steps_definitations.LoginSteps.enter_valid_and(LoginSteps.java:32)
at ✽.Enter valid "dorababu5424@gmail.com" and "Dorababu1234".(file:///C:/Users/SVC/Downloads/automationfolder/WebApplicationAutomation/src/test/resources/Features/Webapplication_FacebookLogin.feature:17)
]]>
    </error>
  </testcase> <!-- runScenario -->
  <system-out/>
  <testcase classname="CucumberIndex.CucumberRunner" name="runScenario" time="14.001">
    <error type="java.lang.NullPointerException">
      <![CDATA[java.lang.NullPointerException
at Steps_definitations.LoginSteps.enter_valid_and(LoginSteps.java:32)
at ✽.Enter valid "dorababu5424@gmail.com" and "Dorababu1234".(file:///C:/Users/SVC/Downloads/automationfolder/WebApplicationAutomation/src/test/resources/Features/Webapplication_FacebookLogin.feature:7)
]]>
    </error>
  </testcase> <!-- runScenario -->
  <system-out/>
</testsuite> <!-- CucumberIndex.CucumberRunner -->
